<?xml version="1.0" encoding="UTF-8"?>
<!-- Generated by org.testng.reporters.JUnitReportReporter -->
<testsuite hostname="TSQA-L009" failures="0" tests="3" name="allegiant_Runner.RunnerTest" time="154.753" errors="0" timestamp="2022-06-20T10:53:17 IST" skipped="0">
  <testcase classname="allegiant_Runner.RunnerTest" name="run" time="56.422"/>
  <system-out/>
  <testcase classname="allegiant_Runner.RunnerTest" name="run1" time="70.474"/>
  <system-out/>
  <testcase classname="allegiant_Runner.RunnerTest" name="run2" time="27.857"/>
  <system-out/>
</testsuite> <!-- allegiant_Runner.RunnerTest -->
