<?xml version="1.0" encoding="UTF-8"?>
<!-- Generated by org.testng.reporters.JUnitReportReporter -->
<testsuite hostname="TSQA-L009" failures="0" tests="3" name="allegiant_Runner.RunnerTest" time="153.887" errors="0" timestamp="2022-06-16T13:22:57 IST" skipped="0">
  <testcase classname="allegiant_Runner.RunnerTest" name="run2" time="39.493"/>
  <system-out/>
  <testcase classname="allegiant_Runner.RunnerTest" name="run" time="42.647"/>
  <system-out/>
  <testcase classname="allegiant_Runner.RunnerTest" name="run1" time="71.747"/>
  <system-out/>
</testsuite> <!-- allegiant_Runner.RunnerTest -->
