<?xml version="1.0" encoding="UTF-8"?>
<!-- Generated by org.testng.reporters.JUnitReportReporter -->
<testsuite hostname="TSQA-L009" failures="0" tests="1" name="Runner" time="27.069" errors="0" timestamp="2022-06-06T17:50:24 IST" skipped="0">
  <testcase classname="Runner" name="runtest1" time="27.069"/>
  <system-out/>
</testsuite> <!-- Runner -->
